<?xml version="1.0" encoding="UTF-8"?>
<testsuite xmlns:xsi="http://www.w3.org/2001/XMLSchema-instance" xsi:noNamespaceSchemaLocation="https://maven.apache.org/surefire/maven-surefire-plugin/xsd/surefire-test-report-3.0.xsd" version="3.0" name="miu.cs544.releasesystem.release.ReleaseServiceApplicationTests" time="5.346" tests="2" errors="0" skipped="0" failures="0">
  <properties>
[...]
</properties>
  <testcase name="testRegisterAdmin" classname="miu.cs544.releasesystem.release.ReleaseServiceApplicationTests" time="0.716">
    <system-out><![CDATA[16:29:56.168 [main] INFO org.springframework.test.context.support.AnnotationConfigContextLoaderUtils -- Could not detect default configuration classes for test class [miu.cs544.releasesystem.release.ReleaseServiceApplicationTests]: ReleaseServiceApplicationTests does not declare any static, non-private, non-final, nested classes annotated with @Configuration.
16:29:56.264 [main] INFO org.springframework.boot.test.context.SpringBootTestContextBootstrapper -- Found @SpringBootConfiguration miu.cs544.releasesystem.release.ReleaseServiceApplication for test class miu.cs544.releasesystem.release.ReleaseServiceApplicationTests

  .   ____          _            __ _ _
 /\\ / ___'_ __ _ _(_)_ __  __ _ \ \ \ \
( ( )\___ | '_ | '_| | '_ \/ _` | \ \ \ \
 \\/  ___)| |_)| | | | | || (_| |  ) ) ) )
  '  |____| .__|_| |_|_| |_\__, | / / / /
 =========|_|==============|___/=/_/_/_/
 :: Spring Boot ::                (v3.2.3)

2026-02-01T16:29:56.616-06:00  INFO 1600 --- [release-service] [           main] m.c.r.r.ReleaseServiceApplicationTests   : Starting ReleaseServiceApplicationTests using Java 21.0.7 with PID 1600 (started by ablik in E:\MIU\CS544-2026-01A-01D-01\Project\release-service)
2026-02-01T16:29:56.616-06:00  INFO 1600 --- [release-service] [           main] m.c.r.r.ReleaseServiceApplicationTests   : The following 1 profile is active: "test"
2026-02-01T16:29:57.631-06:00  INFO 1600 --- [release-service] [           main] .s.d.r.c.RepositoryConfigurationDelegate : Bootstrapping Spring Data MongoDB repositories in DEFAULT mode.
2026-02-01T16:29:57.734-06:00  INFO 1600 --- [release-service] [           main] .s.d.r.c.RepositoryConfigurationDelegate : Finished Spring Data repository scanning in 98 ms. Found 3 MongoDB repository interfaces.
2026-02-01T16:29:58.324-06:00  INFO 1600 --- [release-service] [           main] org.mongodb.driver.client                : MongoClient with metadata {"driver": {"name": "mongo-java-driver|sync|spring-boot", "version": "4.11.1"}, "os": {"type": "Windows", "name": "Windows 11", "architecture": "amd64", "version": "10.0"}, "platform": "Java/Microsoft/21.0.7+6-LTS"} created with settings MongoClientSettings{readPreference=primary, writeConcern=WriteConcern{w=null, wTimeout=null ms, journal=null}, retryWrites=true, retryReads=true, readConcern=ReadConcern{level=null}, credential=MongoCredential{mechanism=null, userName='admin', source='admin', password=<hidden>, mechanismProperties=<hidden>}, transportSettings=null, streamFactoryFactory=null, commandListeners=[io.micrometer.core.instrument.binder.mongodb.MongoMetricsCommandListener@7165bde6], codecRegistry=ProvidersCodecRegistry{codecProviders=[ValueCodecProvider{}, BsonValueCodecProvider{}, DBRefCodecProvider{}, DBObjectCodecProvider{}, DocumentCodecProvider{}, CollectionCodecProvider{}, IterableCodecProvider{}, MapCodecProvider{}, GeoJsonCodecProvider{}, GridFSFileCodecProvider{}, Jsr310CodecProvider{}, JsonObjectCodecProvider{}, BsonCodecProvider{}, EnumCodecProvider{}, com.mongodb.client.model.mql.ExpressionCodecProvider@49639118, com.mongodb.Jep395RecordCodecProvider@45451333, com.mongodb.KotlinCodecProvider@6942ee48]}, loggerSettings=LoggerSettings{maxDocumentLength=1000}, clusterSettings={hosts=[localhost:27017], srvServiceName=mongodb, mode=SINGLE, requiredClusterType=UNKNOWN, requiredReplicaSetName='null', serverSelector='null', clusterListeners='[]', serverSelectionTimeout='30000 ms', localThreshold='15 ms'}, socketSettings=SocketSettings{connectTimeoutMS=10000, readTimeoutMS=0, receiveBufferSize=0, proxySettings=ProxySettings{host=null, port=null, username=null, password=null}}, heartbeatSocketSettings=SocketSettings{connectTimeoutMS=10000, readTimeoutMS=10000, receiveBufferSize=0, proxySettings=ProxySettings{host=null, port=null, username=null, password=null}}, connectionPoolSettings=ConnectionPoolSettings{maxSize=100, minSize=0, maxWaitTimeMS=120000, maxConnectionLifeTimeMS=0, maxConnectionIdleTimeMS=0, maintenanceInitialDelayMS=0, maintenanceFrequencyMS=60000, connectionPoolListeners=[io.micrometer.core.instrument.binder.mongodb.MongoMetricsConnectionPoolListener@d229912], maxConnecting=2}, serverSettings=ServerSettings{heartbeatFrequencyMS=10000, minHeartbeatFrequencyMS=500, serverListeners='[]', serverMonitorListeners='[]'}, sslSettings=SslSettings{enabled=false, invalidHostNameAllowed=false, context=null}, applicationName='null', compressorList=[], uuidRepresentation=JAVA_LEGACY, serverApi=null, autoEncryptionSettings=null, dnsClient=null, inetAddressResolver=null, contextProvider=null}
2026-02-01T16:29:58.348-06:00  INFO 1600 --- [release-service] [localhost:27017] org.mongodb.driver.cluster               : Monitor thread successfully connected to server with description ServerDescription{address=localhost:27017, type=STANDALONE, state=CONNECTED, ok=true, minWireVersion=0, maxWireVersion=27, maxDocumentSize=16777216, logicalSessionTimeoutMinutes=30, roundTripTimeNanos=26325600}
2026-02-01T16:30:00.071-06:00  INFO 1600 --- [release-service] [           main] o.s.b.a.e.web.EndpointLinksResolver      : Exposing 13 endpoint(s) beneath base path '/actuator'
2026-02-01T16:30:00.127-06:00  INFO 1600 --- [release-service] [           main] o.s.s.web.DefaultSecurityFilterChain     : Will secure any request with [org.springframework.security.web.session.DisableEncodeUrlFilter@493489dd, org.springframework.security.web.context.request.async.WebAsyncManagerIntegrationFilter@3358805a, org.springframework.security.web.context.SecurityContextHolderFilter@258ac1e6, org.springframework.security.web.header.HeaderWriterFilter@26b150cd, org.springframework.web.filter.CorsFilter@77e261e3, org.springframework.security.web.authentication.logout.LogoutFilter@6c120b00, miu.cs544.releasesystem.release.security.JwtAuthenticationFilter@3516f436, org.springframework.security.web.savedrequest.RequestCacheAwareFilter@3d0ce151, org.springframework.security.web.servletapi.SecurityContextHolderAwareRequestFilter@58a0f75b, org.springframework.security.web.authentication.AnonymousAuthenticationFilter@642b71d6, org.springframework.security.web.session.SessionManagementFilter@7962a364, org.springframework.security.web.access.ExceptionTranslationFilter@26d02dc6, org.springframework.security.web.access.intercept.AuthorizationFilter@4767be27]
2026-02-01T16:30:00.520-06:00  INFO 1600 --- [release-service] [           main] o.s.b.t.m.w.SpringBootMockServletContext : Initializing Spring TestDispatcherServlet ''
2026-02-01T16:30:00.520-06:00  INFO 1600 --- [release-service] [           main] o.s.t.web.servlet.TestDispatcherServlet  : Initializing Servlet ''
2026-02-01T16:30:00.526-06:00  INFO 1600 --- [release-service] [           main] o.s.t.web.servlet.TestDispatcherServlet  : Completed initialization in 6 ms
2026-02-01T16:30:00.604-06:00  INFO 1600 --- [release-service] [           main] m.c.r.r.ReleaseServiceApplicationTests   : Started ReleaseServiceApplicationTests in 4.237 seconds (process running for 5.375)
]]></system-out>
    <system-err><![CDATA[WARNING: A Java agent has been loaded dynamically (C:\Users\ablik\.m2\repository\net\bytebuddy\byte-buddy-agent\1.14.12\byte-buddy-agent-1.14.12.jar)
WARNING: If a serviceability tool is in use, please run with -XX:+EnableDynamicAgentLoading to hide this warning
WARNING: If a serviceability tool is not in use, please run with -Djdk.instrument.traceUsage for more information
WARNING: Dynamic loading of agents will be disallowed by default in a future release
]]></system-err>
  </testcase>
  <testcase name="contextLoads" classname="miu.cs544.releasesystem.release.ReleaseServiceApplicationTests" time="0.004"/>
</testsuite>