<?xml version="1.0" encoding="UTF-8"?>
<testsuite xmlns:xsi="http://www.w3.org/2001/XMLSchema-instance" xsi:noNamespaceSchemaLocation="https://maven.apache.org/surefire/maven-surefire-plugin/xsd/surefire-test-report-3.0.xsd" version="3.0" name="miu.cs544.releasesystem.release.api.ReleaseApiRestAssuredTest" time="0.006" tests="11" errors="0" skipped="11" failures="0">
  <properties/>
  <testcase name="activity_stream_returnsSSE" classname="miu.cs544.releasesystem.release.api.ReleaseApiRestAssuredTest" time="0.0">
    <skipped message="@EnabledIf(&quot;dockerAvailable&quot;) evaluated to false"/>
    <system-out><![CDATA[16:29:55.752 [main] INFO org.testcontainers.images.PullPolicy -- Image pull policy will be performed by: DefaultPullPolicy()
16:29:55.756 [main] INFO org.testcontainers.utility.ImageNameSubstitutor -- Image name substitution will be performed by: DefaultImageNameSubstitutor (composite of 'ConfigurationFileImageNameSubstitutor' and 'PrefixingImageNameSubstitutor')
16:29:56.084 [main] INFO org.testcontainers.dockerclient.DockerMachineClientProviderStrategy -- docker-machine executable was not found on PATH ([C:\Program Files\PowerShell\7, C:\Program Files\Microsoft\jdk-21.0.7.6-hotspot\bin, C:\Python313\Scripts\, C:\Python313\, C:\Program Files\Microsoft MPI\Bin\, C:\Windows\system32, C:\Windows, C:\Windows\System32\Wbem, C:\Windows\System32\WindowsPowerShell\v1.0\, C:\Windows\System32\OpenSSH\, C:\Program Files (x86)\NVIDIA Corporation\PhysX\Common, C:\Program Files\Microsoft SQL Server\150\Tools\Binn\, C:\Program Files\Microsoft SQL Server\Client SDK\ODBC\170\Tools\Binn\, C:\Program Files (x86)\Microsoft SQL Server\160\Tools\Binn\, C:\Program Files\Microsoft SQL Server\160\Tools\Binn\, C:\Program Files\Microsoft SQL Server\160\DTS\Binn\, C:\Program Files\Azure Data Studio\bin, C:\ProgramData\chocolatey\bin, C:\Program Files\Microsoft\Web Platform Installer\, D:\php\php-7.4.1-Win32-vc15-x64, D:\composer, C:\Program Files\NVIDIA Corporation\NVIDIA app\NvDLISR, C:\WINDOWS\system32, C:\WINDOWS, C:\WINDOWS\System32\Wbem, C:\WINDOWS\System32\WindowsPowerShell\v1.0\, C:\WINDOWS\System32\OpenSSH\, C:\Program Files\nodejs\, C:\Program Files\Microsoft SQL Server Migration Assistant for MySQL\bin\, C:\Program Files\Microsoft SQL Server\170\Tools\Binn\, C:\Program Files\Microsoft SQL Server\170\DTS\Binn\, C:\Program Files\PowerShell\7\, C:\Program Files\dotnet\, C:\Program Files\Docker\Docker\resources\bin, C:\Program Files (x86)\Windows Kits\10\Windows Performance Toolkit\, D:\Maven\apache-maven-3.9.12-bin\bin, C:\Program Files\Git\cmd, C:\Program Files\Microsoft\jdk-21.0.7.6-hotspot\bin, C:\Python313\Scripts\, C:\Python313\, C:\Program Files\Microsoft MPI\Bin\, C:\Windows\system32, C:\Windows, C:\Windows\System32\Wbem, C:\Windows\System32\WindowsPowerShell\v1.0\, C:\Windows\System32\OpenSSH\, C:\Program Files (x86)\NVIDIA Corporation\PhysX\Common, C:\Program Files\Microsoft SQL Server\150\Tools\Binn\, C:\Program Files\Microsoft SQL Server\Client SDK\ODBC\170\Tools\Binn\, C:\Program Files (x86)\Microsoft SQL Server\160\Tools\Binn\, C:\Program Files\Microsoft SQL Server\160\Tools\Binn\, C:\Program Files\Microsoft SQL Server\160\DTS\Binn\, C:\Program Files\Azure Data Studio\bin, C:\ProgramData\chocolatey\bin, C:\Program Files\Microsoft\Web Platform Installer\, D:\php\php-7.4.1-Win32-vc15-x64, D:\composer, C:\Program Files\NVIDIA Corporation\NVIDIA app\NvDLISR, C:\WINDOWS\system32, C:\WINDOWS, C:\WINDOWS\System32\Wbem, C:\WINDOWS\System32\WindowsPowerShell\v1.0\, C:\WINDOWS\System32\OpenSSH\, C:\Program Files\nodejs\, C:\Program Files\Microsoft SQL Server Migration Assistant for MySQL\bin\, C:\Program Files\Microsoft SQL Server\170\Tools\Binn\, C:\Program Files\Microsoft SQL Server\170\DTS\Binn\, C:\Program Files\PowerShell\7\, C:\Program Files\dotnet\, C:\Program Files\Docker\Docker\resources\bin, C:\Program Files (x86)\Windows Kits\10\Windows Performance Toolkit\, D:\Maven\apache-maven-3.9.12-bin\bin, C:\Program Files\Git\cmd, D:\Python312\Scripts\, D:\Python312\, C:\Users\ablik\.config\herd-lite\bin, C:\Users\ablik\AppData\Local\Microsoft\PowerAppsCLI\, C:\Users\ablik\AppData\Local\Programs\Python\Launcher\, C:\Users\ablik\AppData\Local\Microsoft\WindowsApps, C:\Program Files\Azure Data Studio\bin, C:\Users\ablik\AppData\Local\Programs\Microsoft VS Code\bin, C:\Users\ablik\AppData\Roaming\Composer\vendor\bin, C:\Users\ablik\.dotnet\tools, C:\Users\ablik\AppData\Local\Programs\Ollama, C:\Users\ablik\AppData\Roaming\npm, C:\Program Files\JetBrains\IntelliJ IDEA Community Edition 2025.1.1.1\bin, C:\Users\ablik\.dotnet\tools, E:\Ollama, C:\Users\ablik\AppData\Local\Microsoft\WindowsApps, d:\Program Files\JetBrains\IntelliJ IDEA 2025.3\bin, C:\Users\ablik\AppData\Local\GitHubDesktop\bin, C:\Users\ablik\AppData\Local\Microsoft\WinGet\Links, D:\cursor\resources\app\bin, D:\Google\Cloud SDK\google-cloud-sdk\bin, C:\Users\ablik\AppData\Local\PowerToys\DSCModules\, C:\Users\ablik\.local\bin])
16:29:56.086 [main] ERROR org.testcontainers.dockerclient.DockerClientProviderStrategy -- Could not find a valid Docker environment. Please check configuration. Attempted configurations were:
	NpipeSocketClientProviderStrategy: failed with exception BadRequestException (Status 400: {"ID":"","Containers":0,"ContainersRunning":0,"ContainersPaused":0,"ContainersStopped":0,"Images":0,"Driver":"","DriverStatus":null,"Plugins":{"Volume":null,"Network":null,"Authorization":null,"Log":null},"MemoryLimit":false,"SwapLimit":false,"CpuCfsPeriod":false,"CpuCfsQuota":false,"CPUShares":false,"CPUSet":false,"PidsLimit":false,"IPv4Forwarding":false,"Debug":false,"NFd":0,"OomKillDisable":false,"NGoroutines":0,"SystemTime":"","LoggingDriver":"","CgroupDriver":"","NEventsListener":0,"KernelVersion":"","OperatingSystem":"","OSVersion":"","OSType":"","Architecture":"","IndexServerAddress":"","RegistryConfig":null,"NCPU":0,"MemTotal":0,"GenericResources":null,"DockerRootDir":"","HttpProxy":"","HttpsProxy":"","NoProxy":"","Name":"","Labels":["com.docker.desktop.address=npipe://\\\\.\\pipe\\docker_cli"],"ExperimentalBuild":false,"ServerVersion":"","Runtimes":null,"DefaultRuntime":"","Swarm":{"NodeID":"","NodeAddr":"","LocalNodeState":"","ControlAvailable":false,"Error":"","RemoteManagers":null},"LiveRestoreEnabled":false,"Isolation":"","InitBinary":"","ContainerdCommit":{"ID":""},"RuncCommit":{"ID":""},"InitCommit":{"ID":""},"SecurityOptions":null,"CDISpecDirs":null,"Warnings":null})As no valid configuration was found, execution cannot continue.
See https://java.testcontainers.org/on_failure.html for more details.
]]></system-out>
  </testcase>
  <testcase name="actuator_health_isPublic" classname="miu.cs544.releasesystem.release.api.ReleaseApiRestAssuredTest" time="0.0">
    <skipped message="@EnabledIf(&quot;dockerAvailable&quot;) evaluated to false"/>
  </testcase>
  <testcase name="releases_withoutAuth_returns401" classname="miu.cs544.releasesystem.release.api.ReleaseApiRestAssuredTest" time="0.0">
    <skipped message="@EnabledIf(&quot;dockerAvailable&quot;) evaluated to false"/>
  </testcase>
  <testcase name="authRegister_returnsOk" classname="miu.cs544.releasesystem.release.api.ReleaseApiRestAssuredTest" time="0.0">
    <skipped message="@EnabledIf(&quot;dockerAvailable&quot;) evaluated to false"/>
  </testcase>
  <testcase name="releases_asAdmin_returnsOk" classname="miu.cs544.releasesystem.release.api.ReleaseApiRestAssuredTest" time="0.0">
    <skipped message="@EnabledIf(&quot;dockerAvailable&quot;) evaluated to false"/>
  </testcase>
  <testcase name="releases_createRelease_asAdmin_returnsOk" classname="miu.cs544.releasesystem.release.api.ReleaseApiRestAssuredTest" time="0.0">
    <skipped message="@EnabledIf(&quot;dockerAvailable&quot;) evaluated to false"/>
  </testcase>
  <testcase name="tasks_getMyTasks_asDeveloper_returnsOk" classname="miu.cs544.releasesystem.release.api.ReleaseApiRestAssuredTest" time="0.0">
    <skipped message="@EnabledIf(&quot;dockerAvailable&quot;) evaluated to false"/>
  </testcase>
  <testcase name="authLogin_returnsToken" classname="miu.cs544.releasesystem.release.api.ReleaseApiRestAssuredTest" time="0.0">
    <skipped message="@EnabledIf(&quot;dockerAvailable&quot;) evaluated to false"/>
  </testcase>
  <testcase name="forum_addCommentAndGetComments_returnsOk" classname="miu.cs544.releasesystem.release.api.ReleaseApiRestAssuredTest" time="0.0">
    <skipped message="@EnabledIf(&quot;dockerAvailable&quot;) evaluated to false"/>
  </testcase>
  <testcase name="releases_asDeveloper_returns403" classname="miu.cs544.releasesystem.release.api.ReleaseApiRestAssuredTest" time="0.0">
    <skipped message="@EnabledIf(&quot;dockerAvailable&quot;) evaluated to false"/>
  </testcase>
  <testcase name="authLogin_invalidCredentials_returns401" classname="miu.cs544.releasesystem.release.api.ReleaseApiRestAssuredTest" time="0.0">
    <skipped message="@EnabledIf(&quot;dockerAvailable&quot;) evaluated to false"/>
  </testcase>
</testsuite>